18:26:24.136 [TestNG-tests-2] INFO  testCases.TC001_AccountRegistrationTest - Clicked on myaccount link
18:26:32.327 [TestNG-tests-3] INFO  testCases.TC001_AccountRegistrationTest - *********starting tc001_accountRegistrationTest***********
18:26:32.627 [TestNG-tests-3] INFO  testCases.TC001_AccountRegistrationTest - Clicked on myaccount link
18:26:35.472 [TestNG-tests-3] INFO  testCases.TC001_AccountRegistrationTest - Clicked on register Link
18:26:35.479 [TestNG-tests-3] INFO  testCases.TC001_AccountRegistrationTest - providing customer details
18:30:44.920 [main] INFO  org.testng.internal.Utils - [TestNG] Running:
  C:\Users\mopullag\eclipse-workspace\Hybridframework\CrossBrowser.xml

18:30:56.006 [TestNG-tests-2] INFO  testCases.TC001_AccountRegistrationTest - *********starting tc001_accountRegistrationTest***********
18:30:56.026 [TestNG-tests-1] INFO  testCases.TC001_AccountRegistrationTest - *********starting tc001_accountRegistrationTest***********
18:30:56.503 [TestNG-tests-1] INFO  testCases.TC001_AccountRegistrationTest - Clicked on myaccount link
18:30:56.627 [TestNG-tests-2] INFO  testCases.TC001_AccountRegistrationTest - Clicked on myaccount link
18:31:03.109 [TestNG-tests-3] INFO  testCases.TC001_AccountRegistrationTest - *********starting tc001_accountRegistrationTest***********
18:31:03.446 [TestNG-tests-3] INFO  testCases.TC001_AccountRegistrationTest - Clicked on myaccount link
18:31:04.659 [TestNG-tests-3] INFO  testCases.TC001_AccountRegistrationTest - Clicked on register Link
18:31:04.664 [TestNG-tests-3] INFO  testCases.TC001_AccountRegistrationTest - providing customer details
18:31:06.437 [TestNG-tests-3] INFO  testCases.TC001_AccountRegistrationTest - validating the expected message
18:31:06.507 [TestNG-tests-3] INFO  testCases.TC001_AccountRegistrationTest - *********finished TC001_accountRegistrationTest***********
18:33:31.410 [main] INFO  org.testng.internal.Utils - [TestNG] Running:
  C:\Users\mopullag\eclipse-workspace\Hybridframework\CrossBrowser.xml

18:33:50.494 [TestNG-tests-2] INFO  testCases.TC001_AccountRegistrationTest - *********starting tc001_accountRegistrationTest***********
18:33:50.892 [TestNG-tests-3] INFO  testCases.TC001_AccountRegistrationTest - *********starting tc001_accountRegistrationTest***********
18:33:51.209 [TestNG-tests-2] INFO  testCases.TC001_AccountRegistrationTest - Clicked on myaccount link
18:33:51.489 [TestNG-tests-3] INFO  testCases.TC001_AccountRegistrationTest - Clicked on myaccount link
18:40:15.224 [main] INFO  org.testng.internal.Utils - [TestNG] Running:
  C:\Users\mopullag\eclipse-workspace\Hybridframework\CrossBrowser.xml

18:40:24.540 [TestNG-tests-1] INFO  testCases.TC001_AccountRegistrationTest - *********starting tc001_accountRegistrationTest***********
18:40:25.014 [TestNG-tests-2] INFO  testCases.TC001_AccountRegistrationTest - *********starting tc001_accountRegistrationTest***********
18:40:25.177 [TestNG-tests-1] INFO  testCases.TC001_AccountRegistrationTest - Clicked on myaccount link
18:40:25.274 [TestNG-tests-2] INFO  testCases.TC001_AccountRegistrationTest - Clicked on myaccount link
18:41:13.888 [main] INFO  org.testng.internal.Utils - [TestNG] Running:
  C:\Users\mopullag\eclipse-workspace\Hybridframework\grouping.xml

18:41:22.909 [main] INFO  testCases.TC001_AccountRegistrationTest - *********starting tc001_accountRegistrationTest***********
18:41:23.117 [main] INFO  testCases.TC001_AccountRegistrationTest - Clicked on myaccount link
18:41:23.821 [main] INFO  testCases.TC001_AccountRegistrationTest - Clicked on register Link
18:41:23.828 [main] INFO  testCases.TC001_AccountRegistrationTest - providing customer details
18:41:25.694 [main] INFO  testCases.TC001_AccountRegistrationTest - validating the expected message
18:41:25.824 [main] INFO  testCases.TC001_AccountRegistrationTest - *********finished TC001_accountRegistrationTest***********
18:41:31.458 [main] INFO  testCases.TC002_LoginTest - *********starting tc002_LoginTest***********
18:41:34.052 [main] INFO  testCases.TC002_LoginTest - *********Finished tc002_LoginTest***********
18:43:22.288 [main] INFO  org.testng.internal.Utils - [TestNG] Running:
  C:\Users\mopullag\eclipse-workspace\Hybridframework\CrossBrowser.xml

18:43:30.575 [main] INFO  testCases.TC001_AccountRegistrationTest - *********starting tc001_accountRegistrationTest***********
18:43:30.764 [main] INFO  testCases.TC001_AccountRegistrationTest - Clicked on myaccount link
18:43:32.098 [main] INFO  testCases.TC001_AccountRegistrationTest - Clicked on register Link
18:43:32.102 [main] INFO  testCases.TC001_AccountRegistrationTest - providing customer details
18:43:34.407 [main] INFO  testCases.TC001_AccountRegistrationTest - validating the expected message
18:43:34.509 [main] INFO  testCases.TC001_AccountRegistrationTest - *********finished TC001_accountRegistrationTest***********
18:43:47.097 [main] INFO  testCases.TC001_AccountRegistrationTest - *********starting tc001_accountRegistrationTest***********
