11:07:37.255 [main] INFO  org.testng.internal.Utils - [TestNG] Running:
  C:\Users\mopullag\eclipse-workspace\Hybridframework\master.xml

11:07:46.025 [main] INFO  testCases.TC001_AccountRegistrationTest - *********starting tc001_accountRegistrationTest***********
11:07:46.320 [main] INFO  testCases.TC001_AccountRegistrationTest - Clicked on myaccount link
11:07:46.733 [main] INFO  testCases.TC001_AccountRegistrationTest - Clicked on register Link
11:07:46.739 [main] INFO  testCases.TC001_AccountRegistrationTest - providing customer details
11:07:49.278 [main] INFO  testCases.TC001_AccountRegistrationTest - validating the expected message
11:07:49.377 [main] INFO  testCases.TC001_AccountRegistrationTest - *********finished TC001_accountRegistrationTest***********
11:20:25.808 [main] INFO  org.testng.internal.Utils - [TestNG] Running:
  C:\Users\mopullag\eclipse-workspace\Hybridframework\CrossBrowser.xml

11:20:33.654 [main] INFO  testCases.TC001_AccountRegistrationTest - *********starting tc001_accountRegistrationTest***********
11:20:33.912 [main] INFO  testCases.TC001_AccountRegistrationTest - Clicked on myaccount link
11:20:34.523 [main] INFO  testCases.TC001_AccountRegistrationTest - Clicked on register Link
11:20:34.529 [main] INFO  testCases.TC001_AccountRegistrationTest - providing customer details
11:20:36.935 [main] INFO  testCases.TC001_AccountRegistrationTest - validating the expected message
11:20:37.061 [main] INFO  testCases.TC001_AccountRegistrationTest - *********finished TC001_accountRegistrationTest***********
11:20:51.321 [main] INFO  testCases.TC001_AccountRegistrationTest - *********starting tc001_accountRegistrationTest***********
11:20:51.633 [main] INFO  testCases.TC001_AccountRegistrationTest - Clicked on myaccount link
11:20:52.088 [main] INFO  testCases.TC001_AccountRegistrationTest - Clicked on register Link
11:20:52.090 [main] INFO  testCases.TC001_AccountRegistrationTest - providing customer details
11:20:53.928 [main] INFO  testCases.TC001_AccountRegistrationTest - validating the expected message
11:20:53.988 [main] INFO  testCases.TC001_AccountRegistrationTest - *********finished TC001_accountRegistrationTest***********
11:21:06.955 [main] INFO  testCases.TC001_AccountRegistrationTest - *********starting tc001_accountRegistrationTest***********
11:21:07.287 [main] INFO  testCases.TC001_AccountRegistrationTest - Clicked on myaccount link
11:21:07.939 [main] INFO  testCases.TC001_AccountRegistrationTest - Clicked on register Link
11:21:07.940 [main] INFO  testCases.TC001_AccountRegistrationTest - providing customer details
11:21:09.165 [main] INFO  testCases.TC001_AccountRegistrationTest - validating the expected message
11:21:09.232 [main] INFO  testCases.TC001_AccountRegistrationTest - *********finished TC001_accountRegistrationTest***********
11:22:04.255 [main] INFO  org.testng.internal.Utils - [TestNG] Running:
  C:\Users\mopullag\eclipse-workspace\Hybridframework\CrossBrowser.xml

11:22:12.794 [TestNG-tests-2] INFO  testCases.TC001_AccountRegistrationTest - *********starting tc001_accountRegistrationTest***********
11:22:13.613 [TestNG-tests-2] INFO  testCases.TC001_AccountRegistrationTest - Clicked on myaccount link
11:22:13.847 [TestNG-tests-1] INFO  testCases.TC001_AccountRegistrationTest - *********starting tc001_accountRegistrationTest***********
11:22:14.371 [TestNG-tests-1] INFO  testCases.TC001_AccountRegistrationTest - Clicked on myaccount link
11:22:14.831 [TestNG-tests-2] INFO  testCases.TC001_AccountRegistrationTest - Clicked on register Link
11:22:14.836 [TestNG-tests-2] INFO  testCases.TC001_AccountRegistrationTest - providing customer details
11:22:15.493 [TestNG-tests-1] INFO  testCases.TC001_AccountRegistrationTest - Clicked on register Link
11:22:15.501 [TestNG-tests-1] INFO  testCases.TC001_AccountRegistrationTest - providing customer details
11:22:18.905 [TestNG-tests-1] INFO  testCases.TC001_AccountRegistrationTest - validating the expected message
11:22:19.022 [TestNG-tests-2] INFO  testCases.TC001_AccountRegistrationTest - validating the expected message
11:22:19.180 [TestNG-tests-2] INFO  testCases.TC001_AccountRegistrationTest - *********finished TC001_accountRegistrationTest***********
11:22:19.180 [TestNG-tests-1] INFO  testCases.TC001_AccountRegistrationTest - *********finished TC001_accountRegistrationTest***********
11:22:22.298 [TestNG-tests-3] INFO  testCases.TC001_AccountRegistrationTest - *********starting tc001_accountRegistrationTest***********
11:22:22.597 [TestNG-tests-3] INFO  testCases.TC001_AccountRegistrationTest - Clicked on myaccount link
11:22:23.377 [TestNG-tests-3] INFO  testCases.TC001_AccountRegistrationTest - Clicked on register Link
11:22:23.379 [TestNG-tests-3] INFO  testCases.TC001_AccountRegistrationTest - providing customer details
11:22:24.825 [TestNG-tests-3] INFO  testCases.TC001_AccountRegistrationTest - validating the expected message
11:22:24.877 [TestNG-tests-3] INFO  testCases.TC001_AccountRegistrationTest - *********finished TC001_accountRegistrationTest***********
